Arguments: 
  C:\Program Files\nodejs\node.exe C:\Users\uc230599\AppData\Roaming\npm\node_modules\yarn\bin\yarn.js add express express-handlebars passport passport-loval body-parser cookie-parser express-session bcrypt mongoose

PATH: 
  C:\ProgramData\Oracle\Java\javapath;C:\WINDOWS\system32;C:\WINDOWS;C:\WINDOWS\System32\Wbem;C:\WINDOWS\System32\WindowsPowerShell\v1.0\;C:\WINDOWS\System32\WindowsPowerShell\v1.0\;C:\Program Files (x86)\Sennheiser\SoftphoneSDK\;c:\Program Files (x86)\Symantec\VIP Access Client\;C:\Program Files\nodejs\;C:\Program Files\Git\cmd;C:\WINDOWS\System32\WindowsPowerShell\v1.0\;C:\Ruby25-x64\bin;C:\Users\uc230599\AppData\Roaming\npm;C:\Program Files\Microsoft VS Code\bin

Yarn version: 
  1.7.0

Node version: 
  10.2.1

Platform: 
  win32 x64

Trace: 
  Error: https://registry.yarnpkg.com/passport-loval: Not found
      at Request.params.callback [as _callback] (C:\Users\uc230599\AppData\Roaming\npm\node_modules\yarn\lib\cli.js:65656:18)
      at Request.self.callback (C:\Users\uc230599\AppData\Roaming\npm\node_modules\yarn\lib\cli.js:134675:22)
      at Request.emit (events.js:182:13)
      at Request.<anonymous> (C:\Users\uc230599\AppData\Roaming\npm\node_modules\yarn\lib\cli.js:135658:10)
      at Request.emit (events.js:182:13)
      at IncomingMessage.<anonymous> (C:\Users\uc230599\AppData\Roaming\npm\node_modules\yarn\lib\cli.js:135578:12)
      at Object.onceWrapper (events.js:273:13)
      at IncomingMessage.emit (events.js:187:15)
      at endReadableNT (_stream_readable.js:1090:12)
      at process._tickCallback (internal/process/next_tick.js:63:19)

npm manifest: 
  {
    "name": "simple-cms",
    "version": "1.0.0",
    "description": "A simple cms build on nodeJS and handlebars",
    "main": "app.js",
    "repository": "simplecms",
    "author": "Winston Jude",
    "license": "MIT"
  }

yarn manifest: 
  No manifest

Lockfile: 
  No lockfile
